CAMB called 100 times; 0 errors
CAMB called 200 times; 0 errors
CAMB called 300 times; 0 errors
CAMB called 400 times; 0 errors
CAMB called 500 times; 0 errors
CAMB called 600 times; 0 errors
CAMB called 700 times; 0 errors
CAMB called 800 times; 0 errors
 Current convergence R-1 =    6.659635      chain steps =         977
 slow changes         834  power changes           0
CAMB called 900 times; 0 errors
CAMB called 1000 times; 0 errors
CAMB called 1100 times; 0 errors
CAMB called 1200 times; 0 errors
CAMB called 1300 times; 0 errors
CAMB called 1400 times; 0 errors
CAMB called 1500 times; 0 errors
CAMB called 1600 times; 0 errors
 Current convergence R-1 =   0.8535165      chain steps =        1936
 slow changes        1690  power changes           0
CAMB called 1700 times; 0 errors
CAMB called 1800 times; 0 errors
CAMB called 1900 times; 0 errors
CAMB called 2000 times; 0 errors
CAMB called 2100 times; 0 errors
CAMB called 2200 times; 0 errors
CAMB called 2300 times; 0 errors
CAMB called 2400 times; 0 errors
CAMB called 2500 times; 0 errors
 Current convergence R-1 =   0.8361767      chain steps =        2897
 slow changes        2565  power changes           0
CAMB called 2600 times; 0 errors
