***************************************************************
     ______________________   __  ______  
    / __/ __/_  __/ ___/ _ | /  |/  / _ ) 
   / _// _/  / / / /__/ __ |/ /|_/ / _  | 
  /___/_/   /_/  \___/_/ |_/_/  /_/____/   V3.0 Apr17
  
***************************************************************
 
 EFTCAMB feedback level  =  1
 
 EFTCAMB stability flags:
  Mathematical stability =  F
  Physical stability     =  F
  Additional priors      =  F
 
 EFTCAMB model flags:
   EFTflag             =  2
   AltParEFTmodel      =  1
 
   Model               =  RPH
   Number of params    = 10
 
   RPHwDE             =  2
   RPHmassPmodel      =  3
   RPHkineticitymodel =  3
   RPHbraidingmodel   =  3
   RPHtensormodel     =  3
 
 CPL parametrization: RPHw
   EFTw0               =   -0.100000
   EFTwa               =   -1.200000
 Power Law function: RPHmassP
   RPHmassP0           =    0.000000
   RPHmassPExp         =    1.000000
 Power Law function: RPHkineticity
   RPHkineticity0      =    1.000000
   RPHkineticityExp    =    1.000000
 Power Law function: RPHbraiding
   RPHbraiding0        =    0.000000
   RPHbraidingExp      =    1.000000
 Power Law function: RPHtensor
   RPHtensor0          =   -0.900000
   RPHtensorExp        =    1.000000
 
Reion redshift       =  11.381
Om_b h^2             =  0.022032
Om_c h^2             =  0.120380
Om_nu h^2            =  0.000000
Om_Lambda            =  0.700878
Om_K                 =  0.000000
Om_m (1-Om_K-Om_L)   =  0.299122
100 theta (CosmoMC)  =  1.122991
Reion opt depth      =  0.0900
Age of universe/GYr  =  12.010
zstar                =  1090.38
r_s(zstar)/Mpc       =  144.58
100*theta            =  1.123269
DA(zstar)/Gpc        =  12.87143
zdrag                =  1059.09
r_s(zdrag)/Mpc       =  147.37
k_D(zstar) Mpc       =  0.1401
100*theta_D          =  0.174209
z_EQ (if v_nu=1)     =  3400.71
k_EQ Mpc (if v_nu=1) =  0.010383
100*theta_EQ         =  0.876650
100*theta_rs_EQ      =  0.484694
tau_recomb/Mpc       =  280.52  tau_now/Mpc =  13151.7
at z =  2.000 sigma8 (all matter) =  0.3518
at z =  1.000 sigma8 (all matter) =  0.4785
at z =  0.500 sigma8 (all matter) =  0.5691
at z =  0.000 sigma8 (all matter) =  0.6902
at z =  2.000 sigma8^2_vd/sigma8  =  0.2966
at z =  1.000 sigma8^2_vd/sigma8  =  0.3192
at z =  0.500 sigma8^2_vd/sigma8  =  0.3086
at z =  0.000 sigma8^2_vd/sigma8  =  0.2919
