***************************************************************
     ______________________   __  ______  
    / __/ __/_  __/ ___/ _ | /  |/  / _ ) 
   / _// _/  / / / /__/ __ |/ /|_/ / _  | 
  /___/_/   /_/  \___/_/ |_/_/  /_/____/   V3.0 Apr17
  
***************************************************************
 
 EFTCAMB feedback level  =  5
 
 EFTCAMB stability flags:
  Mathematical stability =  F
  Physical stability     =  F
  Additional priors      =  F
 
 EFTCAMB model flags:
   EFTflag             =  4
   FullMappingEFTmodel =  2
 
   Model               =  Cubic Galileon
   Number of params    =  0
                  xi    =  0.000000000000000E+000
                  c2    =  0.000000000000000E+000
                  c3    =  0.000000000000000E+000
 
 
   Model               =  Cubic Galileon
   Number of params    =  0
                  xi    =   1.60324670590649     
                  c2    =  -1.00000000000000     
                  c3    =  0.103955720634044     
***************************************************************
 EFTCAMB Return to GR time: 0.0100000000

 EFT functions at RGR time: 
   EFTLambda    =    0.2896E-07
   EFTGamma1V   =    0.1634E-05
   EFTGamma1P   =    0.4952E-03
   EFTGamma2P   =    0.8557E-06
***************************************************************
 EFTCAMB: checking stability of the theory

 EFTCAMB: theory stable
***************************************************************
Reion redshift       =  12.716
Integrated opt depth =  0.0878
Om_b h^2             =  0.015749
Om_c h^2             =  0.100000
Om_nu h^2            =  0.000000
Om_Lambda            =  0.428400
Om_K                 =  0.000000
Om_m (1-Om_K-Om_L)   =  0.571600
100 theta (CosmoMC)  =  0.940910
Reion opt depth      =  0.0878
Age of universe/GYr  =  17.814
zstar                =  1098.90
r_s(zstar)/Mpc       =  155.46
100*theta            =  0.941754
DA(zstar)/Gpc        =  16.50742
zdrag                =  1040.67
r_s(zdrag)/Mpc       =  161.43
k_D(zstar) Mpc       =  0.1209
100*theta_D          =  0.157462
z_EQ (if v_nu=1)     =  2765.86
k_EQ Mpc (if v_nu=1) =  0.008442
100*theta_EQ         =  0.840705
100*theta_rs_EQ      =  0.467115
tau_recomb/Mpc       =  293.61  tau_now/Mpc =  16800.6
at z =  2.000 sigma8 (all matter) =  0.2653
at z =  1.000 sigma8 (all matter) =  0.3973
at z =  0.500 sigma8 (all matter) =  0.5260
at z =  0.000 sigma8 (all matter) =  0.7502
at z =  2.000 sigma8^2_vd/sigma8  =  0.2649
at z =  1.000 sigma8^2_vd/sigma8  =  0.3933
at z =  0.500 sigma8^2_vd/sigma8  =  0.5013
at z =  0.000 sigma8^2_vd/sigma8  =  0.5788
