***************************************************************
     ______________________   __  ______  
    / __/ __/_  __/ ___/ _ | /  |/  / _ ) 
   / _// _/  / / / /__/ __ |/ /|_/ / _  | 
  /___/_/   /_/  \___/_/ |_/_/  /_/____/   V3.0 Apr17
  
***************************************************************
 
 EFTCAMB feedback level  =  3
 
 EFTCAMB stability flags:
  Mathematical stability =  F
  Physical stability     =  F
  Additional priors      =  F
 
 EFTCAMB model flags:
   EFTflag             =  1
   PureEFTmodel        =  1
 
   Model               =  Standard Pure EFT
   Pure EFT Horndeski
   Number of params    = 10
 
   PureEFTmodelOmega   =  3
   EFTwDE              =  2
   PureEFTmodelGamma1  =  3
   PureEFTmodelGamma2  =  3
   PureEFTmodelGamma3  =  3
 
 Power Law function: EFTOmega
   EFTOmega0           =    2.000000
   EFTOmegaExp         =    1.000000
 CPL parametrization: EFTw
   EFTw0               =   -0.100000
   EFTwa               =   -1.200000
 Power Law function: EFTGamma1
   EFTGamma10          =    0.000000
   EFTGamma1Exp        =    1.000000
 Power Law function: EFTGamma2
   EFTGamma20          =    0.000000
   EFTGamma2Exp        =    1.000000
 Power Law function: EFTGamma3
   EFTGamma30          =    2.000000
   EFTGamma3Exp        =    1.000000
 
***************************************************************
 EFTCAMB Return to GR time: 0.0000000001

 EFT functions at RGR time: 
   OmegaP       =    0.4317E-05
   EFTc         =    0.2795E+20
   EFTLambda    =    0.4754E+13
   EFTcdot      =    0.1810E+25
   EFTLambdadot =    0.2052E+18
   EFTGamma3P   =    0.2000E+01
   EFTGamma4P   =    0.2000E+01
   EFTGamma5P   =    0.1000E+01
***************************************************************
 EFTCAMB: checking stability of the theory

 EFTCAMB: theory stable
***************************************************************
Reion redshift       =  11.381
Integrated opt depth =  0.0900
Om_b h^2             =  0.022032
Om_c h^2             =  0.120380
Om_nu h^2            =  0.000000
Om_Lambda            =  0.700878
Om_K                 =  0.000000
Om_m (1-Om_K-Om_L)   =  0.299122
100 theta (CosmoMC)  =  1.122991
Reion opt depth      =  0.0900
Age of universe/GYr  =  12.010
zstar                =  1090.38
r_s(zstar)/Mpc       =  144.58
100*theta            =  1.123269
DA(zstar)/Gpc        =  12.87143
zdrag                =  1059.09
r_s(zdrag)/Mpc       =  147.37
k_D(zstar) Mpc       =  0.1401
100*theta_D          =  0.174209
z_EQ (if v_nu=1)     =  3400.71
k_EQ Mpc (if v_nu=1) =  0.010383
100*theta_EQ         =  0.876650
100*theta_rs_EQ      =  0.484694
tau_recomb/Mpc       =  280.52  tau_now/Mpc =  13151.7
at z =  2.000 sigma8 (all matter) =  0.2401
at z =  1.000 sigma8 (all matter) =  0.2965
at z =  0.500 sigma8 (all matter) =  0.3321
at z =  0.000 sigma8 (all matter) =  0.3751
at z =  2.000 sigma8^2_vd/sigma8  =  0.1434
at z =  1.000 sigma8^2_vd/sigma8  =  0.1316
at z =  0.500 sigma8^2_vd/sigma8  =  0.1158
at z =  0.000 sigma8^2_vd/sigma8  =  0.0984
